<?xml version="1.0" encoding="UTF-8"?>
<testng-results skipped="0" failed="0" ignored="0" total="0" passed="0">
  <reporter-output>
  </reporter-output>
  <suite name="AutomationAssigment.AutomationAssigment.AppTest" duration-ms="12" started-at="2019-09-23T11:33:45 PDT" finished-at="2019-09-23T11:33:45 PDT">
    <groups>
    </groups>
    <test name="Command line test" duration-ms="12" started-at="2019-09-23T11:33:45 PDT" finished-at="2019-09-23T11:33:45 PDT">
    </test> <!-- Command line test -->
  </suite> <!-- AutomationAssigment.AutomationAssigment.AppTest -->
</testng-results>
